[16:53:08] [Server thread/INFO]: Unknown command
[16:53:08] [Server thread/INFO]: exit<--[HERE]
[16:53:10] [Server thread/INFO]: Unknown command
[16:53:10] [Server thread/INFO]: quit<--[HERE]
[16:53:14] [Server thread/INFO]: /advancement (grant|revoke)
[16:53:14] [Server thread/INFO]: /ban <targets> [<reason>]
[16:53:14] [Server thread/INFO]: /ban-ip <target> [<reason>]
[16:53:14] [Server thread/INFO]: /banlist [ips|players]
[16:53:14] [Server thread/INFO]: /bossbar (add|get|list|remove|set)
[16:53:14] [Server thread/INFO]: /clear [<targets>]
[16:53:14] [Server thread/INFO]: /clone <begin> <end> <destination> [filtered|masked|replace]
[16:53:14] [Server thread/INFO]: /data (get|merge|modify|remove)
[16:53:14] [Server thread/INFO]: /datapack (disable|enable|list)
[16:53:14] [Server thread/INFO]: /debug (report|start|stop)
[16:53:14] [Server thread/INFO]: /defaultgamemode (adventure|creative|spectator|survival)
[16:53:14] [Server thread/INFO]: /deop <targets>
[16:53:14] [Server thread/INFO]: /difficulty [easy|hard|normal|peaceful]
[16:53:14] [Server thread/INFO]: /effect (clear|give)
[16:53:14] [Server thread/INFO]: /enchant <targets> <enchantment> [<level>]
[16:53:14] [Server thread/INFO]: /execute (align|anchored|as|at|facing|if|in|positioned|rotated|run|store|unless)
[16:53:14] [Server thread/INFO]: /experience (add|query|set)
[16:53:14] [Server thread/INFO]: /fill <from> <to> <block> [destroy|hollow|keep|outline|replace]
[16:53:14] [Server thread/INFO]: /forceload (add|query|remove)
[16:53:14] [Server thread/INFO]: /function <name>
[16:53:14] [Server thread/INFO]: /gamemode (adventure|creative|spectator|survival)
[16:53:14] [Server thread/INFO]: /gamerule (announceAdvancements|commandBlockOutput|disableElytraMovementCheck|disableRaids|doDaylightCycle|doEntityDrops|doFireTick|doImmediateRespawn|doInsomnia|doLimitedCrafting|doMobLoot|doMobSpawning|doTileDrops|doWeatherCycle|drowningDamage|fallDamage|fireDamage|keepInventory|logAdminCommands|maxCommandChainLength|maxEntityCramming|mobGriefing|naturalRegeneration|randomTickSpeed|reducedDebugInfo|sendCommandFeedback|showDeathMessages|spawnRadius|spectatorsGenerateChunks)
[16:53:14] [Server thread/INFO]: /give <targets> <item> [<count>]
[16:53:14] [Server thread/INFO]: /help [<command>]
[16:53:14] [Server thread/INFO]: /kick <targets> [<reason>]
[16:53:14] [Server thread/INFO]: /kill [<targets>]
[16:53:14] [Server thread/INFO]: /list [uuids]
[16:53:14] [Server thread/INFO]: /locate (Buried_Treasure|Desert_Pyramid|EndCity|Fortress|Igloo|Jungle_Pyramid|Mansion|Mineshaft|Monument|Ocean_Ruin|Pillager_Outpost|Shipwreck|Stronghold|Swamp_Hut|Village)
[16:53:14] [Server thread/INFO]: /loot (give|insert|replace|spawn)
[16:53:14] [Server thread/INFO]: /me <action>
[16:53:14] [Server thread/INFO]: /msg <targets> <message>
[16:53:14] [Server thread/INFO]: /op <targets>
[16:53:14] [Server thread/INFO]: /pardon <targets>
[16:53:14] [Server thread/INFO]: /pardon-ip <target>
[16:53:14] [Server thread/INFO]: /particle <name> [<pos>]
[16:53:14] [Server thread/INFO]: /playsound <sound> (ambient|block|hostile|master|music|neutral|player|record|voice|weather)
[16:53:14] [Server thread/INFO]: /recipe (give|take)
[16:53:14] [Server thread/INFO]: /reload
[16:53:14] [Server thread/INFO]: /replaceitem (block|entity)
[16:53:14] [Server thread/INFO]: /save-all [flush]
[16:53:14] [Server thread/INFO]: /save-off
[16:53:14] [Server thread/INFO]: /save-on
[16:53:14] [Server thread/INFO]: /say <message>
[16:53:14] [Server thread/INFO]: /schedule (clear|function)
[16:53:14] [Server thread/INFO]: /scoreboard (objectives|players)
[16:53:14] [Server thread/INFO]: /seed
[16:53:14] [Server thread/INFO]: /setblock <pos> <block> [destroy|keep|replace]
[16:53:14] [Server thread/INFO]: /setidletimeout <minutes>
[16:53:14] [Server thread/INFO]: /setworldspawn [<pos>]
[16:53:14] [Server thread/INFO]: /spawnpoint [<targets>]
[16:53:14] [Server thread/INFO]: /spectate [<target>]
[16:53:14] [Server thread/INFO]: /spreadplayers <center> <spreadDistance> <maxRange> <respectTeams> <targets>
[16:53:14] [Server thread/INFO]: /stop
[16:53:14] [Server thread/INFO]: /stopsound <targets> [*|ambient|block|hostile|master|music|neutral|player|record|voice|weather]
[16:53:14] [Server thread/INFO]: /summon <entity> [<pos>]
[16:53:14] [Server thread/INFO]: /tag <targets> (add|list|remove)
[16:53:14] [Server thread/INFO]: /team (add|empty|join|leave|list|modify|remove)
[16:53:14] [Server thread/INFO]: /teammsg <message>
[16:53:14] [Server thread/INFO]: /teleport (<destination>|<location>|<targets>)
[16:53:14] [Server thread/INFO]: /tell -> msg
[16:53:14] [Server thread/INFO]: /tellraw <targets> <message>
[16:53:14] [Server thread/INFO]: /time (add|query|set)
[16:53:14] [Server thread/INFO]: /title <targets> (actionbar|clear|reset|subtitle|times|title)
[16:53:14] [Server thread/INFO]: /tm -> teammsg
[16:53:14] [Server thread/INFO]: /tp -> teleport
[16:53:14] [Server thread/INFO]: /trigger <objective> [add|set]
[16:53:14] [Server thread/INFO]: /w -> msg
[16:53:14] [Server thread/INFO]: /weather (clear|rain|thunder)
[16:53:14] [Server thread/INFO]: /whitelist (add|list|off|on|reload|remove)
[16:53:14] [Server thread/INFO]: /worldborder (add|center|damage|get|set|warning)
[16:53:14] [Server thread/INFO]: /xp -> experience
[16:53:19] [Server thread/INFO]: Stopping the server
[16:53:19] [Server thread/INFO]: Stopping server
[16:53:19] [Server thread/INFO]: Saving players
[16:53:19] [Server thread/INFO]: Saving worlds
[16:53:19] [Server thread/INFO]: Saving chunks for level 'world'/minecraft:overworld
[16:53:20] [Server thread/INFO]: ThreadedAnvilChunkStorage (world): All chunks are saved
[16:53:20] [Server thread/INFO]: Saving chunks for level 'world'/minecraft:the_nether
[16:53:20] [Server thread/INFO]: ThreadedAnvilChunkStorage (DIM-1): All chunks are saved
[16:53:20] [Server thread/INFO]: Saving chunks for level 'world'/minecraft:the_end
[16:53:20] [Server thread/INFO]: ThreadedAnvilChunkStorage (DIM1): All chunks are saved
[16:53:20] [Server thread/INFO]: ThreadedAnvilChunkStorage (world): All chunks are saved
[16:53:20] [Server thread/INFO]: ThreadedAnvilChunkStorage (DIM-1): All chunks are saved
[16:53:20] [Server thread/INFO]: ThreadedAnvilChunkStorage (DIM1): All chunks are saved
